[25/Apr/2026 18:54:46] "GET /dashboard/products/add/ HTTP/1.1" 200 25750
[25/Apr/2026 18:54:46] "GET /media/profile_pictures/avatar_1_3adb4ba2.svg?v=1777114207 HTTP/1.1" 404 179
[25/Apr/2026 18:54:47] "GET /static/images/icons/icon-192.png HTTP/1.1" 304 0
[25/Apr/2026 18:54:59] "GET /dashboard/products/add/ HTTP/1.1" 200 25750
[25/Apr/2026 18:54:59] "GET /media/profile_pictures/avatar_1_3adb4ba2.svg?v=1777114207 HTTP/1.1" 404 179
[25/Apr/2026 18:55:09] "GET /accounts/login/?next=/dashboard/orders/?status=PENDING HTTP/1.1" 302 0
[25/Apr/2026 18:55:09] "GET /dashboard/ HTTP/1.1" 200 34349
[25/Apr/2026 18:55:16] "GET /dashboard/products/add/ HTTP/1.1" 200 25750
[25/Apr/2026 18:55:16] "GET /media/profile_pictures/avatar_1_3adb4ba2.svg?v=1777114207 HTTP/1.1" 404 179
[25/Apr/2026 18:55:20] "GET /dashboard/orders/?status=PENDING HTTP/1.1" 200 29922
[25/Apr/2026 18:55:21] "GET /media/profile_pictures/avatar_1_3adb4ba2.svg?v=1777114207 HTTP/1.1" 404 179
[25/Apr/2026 18:55:25] "GET /dashboard/users/?role=customer HTTP/1.1" 200 28942
[25/Apr/2026 18:55:25] "GET /media/profile_pictures/avatar_1_3adb4ba2.svg?v=1777114207 HTTP/1.1" 404 179
[25/Apr/2026 18:55:28] "GET /dashboard/inventory/ HTTP/1.1" 200 18932
[25/Apr/2026 18:55:28] "GET /media/profile_pictures/avatar_1_3adb4ba2.svg?v=1777114207 HTTP/1.1" 404 179
[25/Apr/2026 18:55:36] "GET /dashboard/users/?role=customer HTTP/1.1" 200 28942
[25/Apr/2026 18:55:36] "GET /media/profile_pictures/avatar_1_3adb4ba2.svg?v=1777114207 HTTP/1.1" 404 179
[25/Apr/2026 18:55:45] "GET /dashboard/products/add/ HTTP/1.1" 200 25750
[25/Apr/2026 18:55:45] "GET /media/profile_pictures/avatar_1_3adb4ba2.svg?v=1777114207 HTTP/1.1" 404 179
[25/Apr/2026 18:55:51] "GET /dashboard/products/add/ HTTP/1.1" 200 25750
[25/Apr/2026 18:55:52] "GET /media/profile_pictures/avatar_1_3adb4ba2.svg?v=1777114207 HTTP/1.1" 404 179
[25/Apr/2026 18:55:52] "GET /static/images/icons/icon-192.png HTTP/1.1" 304 0
[25/Apr/2026 18:55:58] "GET /.well-known/appspecific/com.chrome.devtools.json HTTP/1.1" 404 179
[25/Apr/2026 18:56:05] "GET /dashboard/products/add/ HTTP/1.1" 200 25750
[25/Apr/2026 18:56:05] "GET /media/profile_pictures/avatar_1_3adb4ba2.svg?v=1777114207 HTTP/1.1" 404 179
[25/Apr/2026 18:56:07] "GET /.well-known/appspecific/com.chrome.devtools.json HTTP/1.1" 404 179
[25/Apr/2026 18:56:12] "GET /dashboard/orders/?status=PENDING HTTP/1.1" 200 29922
[25/Apr/2026 18:56:13] "GET /media/profile_pictures/avatar_1_3adb4ba2.svg?v=1777114207 HTTP/1.1" 404 179
[25/Apr/2026 18:56:15] "GET /.well-known/appspecific/com.chrome.devtools.json HTTP/1.1" 404 179
[25/Apr/2026 18:56:20] "GET /dashboard/orders/?status=PENDING HTTP/1.1" 200 29922
[25/Apr/2026 18:56:21] "GET /media/profile_pictures/avatar_1_3adb4ba2.svg?v=1777114207 HTTP/1.1" 404 179
[25/Apr/2026 18:56:21] "GET /.well-known/appspecific/com.chrome.devtools.json HTTP/1.1" 404 179
[25/Apr/2026 18:56:43] "GET /dashboard/orders/?status=PENDING HTTP/1.1" 200 29922
[25/Apr/2026 18:56:43] "GET /.well-known/appspecific/com.chrome.devtools.json HTTP/1.1" 404 179
[25/Apr/2026 18:56:43] "GET /media/profile_pictures/avatar_1_3adb4ba2.svg?v=1777114207 HTTP/1.1" 404 179
